#
# There is insufficient memory for the Java Runtime Environment to continue.
# Native memory allocation (malloc) failed to allocate 1050896 bytes for Chunk::new
# Possible reasons:
#   The system is out of physical RAM or swap space
#   The process is running with CompressedOops enabled, and the Java Heap may be blocking the growth of the native heap
# Possible solutions:
#   Reduce memory load on the system
#   Increase physical memory or swap space
#   Check if swap backing store is full
#   Decrease Java heap size (-Xmx/-Xms)
#   Decrease number of Java threads
#   Decrease Java thread stack sizes (-Xss)
#   Set larger code cache with -XX:ReservedCodeCacheSize=
#   JVM is running with Unscaled Compressed Oops mode in which the Java heap is
#     placed in the first 4GB address space. The Java Heap base address is the
#     maximum limit for the native heap growth. Please use -XX:HeapBaseMinAddress
#     to set the Java Heap base and to place the Java Heap above 4GB virtual address.
# This output file may be truncated or incomplete.
#
#  Out of Memory Error (allocation.cpp:389), pid=28728, tid=0x00000000000065f8
#
# JRE version: OpenJDK Runtime Environment (8.0_202-b03) (build 1.8.0_202-release-1483-b03)
# Java VM: OpenJDK 64-Bit Server VM (25.202-b03 mixed mode windows-amd64 compressed oops)
# Failed to write core dump. Minidumps are not enabled by default on client versions of Windows
#

---------------  T H R E A D  ---------------

Current thread (0x0000000016cbc000):  JavaThread "C2 CompilerThread0" daemon [_thread_in_native, id=26104, stack(0x0000000018350000,0x0000000018450000)]

Stack: [0x0000000018350000,0x0000000018450000]
[error occurred during error reporting (printing stack bounds), id 0xc0000005]

Native frames: (J=compiled Java code, j=interpreted, Vv=VM code, C=native code)


Current CompileTask:
C2:6466252 32553   !   4       com.google.common.cache.LocalCache$Segment::put (439 bytes)


---------------  P R O C E S S  ---------------

Java Threads: ( => current thread )
  0x0000000025495800 JavaThread "ForkJoinPool.commonPool-worker-2" daemon [_thread_blocked, id=32968, stack(0x000000004efc0000,0x000000004f0c0000)]
  0x0000000025491800 JavaThread "ForkJoinPool.commonPool-worker-1" daemon [_thread_blocked, id=32948, stack(0x000000004eec0000,0x000000004efc0000)]
  0x0000000025498800 JavaThread "ForkJoinPool.commonPool-worker-0" daemon [_thread_blocked, id=32304, stack(0x000000004edc0000,0x000000004eec0000)]
  0x0000000025492800 JavaThread "stdout" [_thread_in_native, id=25616, stack(0x000000004ecc0000,0x000000004edc0000)]
  0x0000000025490000 JavaThread "stderr" [_thread_in_native, id=33108, stack(0x000000004ebc0000,0x000000004ecc0000)]
  0x0000000025491000 JavaThread "stdout" [_thread_in_native, id=29520, stack(0x000000004eac0000,0x000000004ebc0000)]
  0x000000001c1ee000 JavaThread "stderr" [_thread_in_native, id=30436, stack(0x000000004e9c0000,0x000000004eac0000)]
  0x000000001c1e8800 JavaThread "stdout" [_thread_in_native, id=32472, stack(0x000000004e8c0000,0x000000004e9c0000)]
  0x000000001a3ab000 JavaThread "stderr" [_thread_in_native, id=33080, stack(0x000000004e7c0000,0x000000004e8c0000)]
  0x000000001a3a9800 JavaThread "stdout" [_thread_in_native, id=33560, stack(0x000000004e6c0000,0x000000004e7c0000)]
  0x000000001a3a7800 JavaThread "stderr" [_thread_in_native, id=31156, stack(0x000000004e5c0000,0x000000004e6c0000)]
  0x000000001cc5b800 JavaThread "pool-43-thread-1" [_thread_blocked, id=32536, stack(0x000000004e4c0000,0x000000004e5c0000)]
  0x000000001cc5b000 JavaThread "WorkerExecutor Queue Thread 4" [_thread_blocked, id=31200, stack(0x000000004e3c0000,0x000000004e4c0000)]
  0x000000001cc5a000 JavaThread "WorkerExecutor Queue Thread 3" [_thread_blocked, id=32964, stack(0x000000004e2c0000,0x000000004e3c0000)]
  0x000000001cc58800 JavaThread "WorkerExecutor Queue Thread 2" [_thread_blocked, id=18748, stack(0x000000004e1c0000,0x000000004e2c0000)]
  0x000000001cc4f800 JavaThread "WorkerExecutor Queue" [_thread_blocked, id=30852, stack(0x000000004e0c0000,0x000000004e1c0000)]
  0x000000002414c000 JavaThread "Cache worker for execution history cache (D:\Git\SwapApp\.gradle\5.4.1\executionHistory)" [_thread_blocked, id=32824, stack(0x000000004dfc0000,0x000000004e0c0000)]
  0x000000002414d800 JavaThread "Execution worker for ':' Thread 3" [_thread_in_native, id=26960, stack(0x000000004dec0000,0x000000004dfc0000)]
  0x0000000024144800 JavaThread "Execution worker for ':' Thread 2" [_thread_blocked, id=29112, stack(0x000000004ddc0000,0x000000004dec0000)]
  0x000000002414b800 JavaThread "Execution worker for ':'" [_thread_in_vm, id=30468, stack(0x000000004dcc0000,0x000000004ddc0000)]
  0x000000002414a000 JavaThread "Cache worker for file content cache (D:\Git\SwapApp\.gradle\5.4.1\fileContent)" [_thread_blocked, id=31656, stack(0x000000004dbc0000,0x000000004dcc0000)]
  0x000000001cc89000 JavaThread "Cache worker for Build Output Cleanup Cache (D:\Git\SwapApp\.gradle\buildOutputCleanup)" [_thread_blocked, id=33540, stack(0x000000004dac0000,0x000000004dbc0000)]
  0x000000001cc88800 JavaThread "pool-42-thread-1" [_thread_blocked, id=33284, stack(0x000000004d9c0000,0x000000004dac0000)]
  0x000000001cc7e000 JavaThread "Build operations Thread 4" [_thread_blocked, id=33268, stack(0x000000004d8c0000,0x000000004d9c0000)]
  0x000000001cc7d000 JavaThread "Build operations Thread 3" [_thread_blocked, id=32992, stack(0x000000004d7c0000,0x000000004d8c0000)]
  0x000000001cc7c800 JavaThread "Build operations Thread 2" [_thread_blocked, id=32364, stack(0x000000004d6c0000,0x000000004d7c0000)]
  0x000000001cc7b800 JavaThread "Build operations" [_thread_blocked, id=33308, stack(0x000000004d5c0000,0x000000004d6c0000)]
  0x000000001cc81800 JavaThread "Cache worker for cache directory md-rule (C:\Users\Daniel\.gradle\caches\5.4.1\md-rule)" [_thread_blocked, id=33628, stack(0x000000004d4c0000,0x000000004d5c0000)]
  0x000000001cc80000 JavaThread "Cache worker for cache directory md-supplier (C:\Users\Daniel\.gradle\caches\5.4.1\md-supplier)" [_thread_blocked, id=20664, stack(0x000000004d3c0000,0x000000004d4c0000)]
  0x000000001c1f4800 JavaThread "Cache worker for file hash cache (D:\Git\SwapApp\.gradle\5.4.1\fileHashes)" [_thread_blocked, id=33780, stack(0x000000004d2c0000,0x000000004d3c0000)]
  0x000000001c1f6000 JavaThread "Thread-382" [_thread_blocked, id=29068, stack(0x000000004d1c0000,0x000000004d2c0000)]
  0x000000001c1ea000 JavaThread "Stdin handler" [_thread_blocked, id=12080, stack(0x000000004d0c0000,0x000000004d1c0000)]
  0x000000001c1ef800 JavaThread "Asynchronous log dispatcher for DefaultDaemonConnection: socket connection from /127.0.0.1:42914 to /127.0.0.1:43933" [_thread_blocked, id=29780, stack(0x000000004cfc0000,0x000000004d0c0000)]
  0x000000001c1e9800 JavaThread "Cancel handler" [_thread_blocked, id=32952, stack(0x000000004cec0000,0x000000004cfc0000)]
  0x000000001c1eb000 JavaThread "Handler for socket connection from /127.0.0.1:42914 to /127.0.0.1:43933" [_thread_in_native, id=31056, stack(0x000000004cdc0000,0x000000004cec0000)]
  0x000000001cc59800 JavaThread "Daemon worker Thread 12" [_thread_blocked, id=31792, stack(0x000000004adc0000,0x000000004aec0000)]
  0x000000001cc52000 JavaThread "Daemon Thread 12" [_thread_blocked, id=32872, stack(0x000000004aac0000,0x000000004abc0000)]
  0x000000001cc58000 JavaThread "Cache worker for Java compile cache (C:\Users\Daniel\.gradle\caches\5.4.1\javaCompile)" [_thread_blocked, id=18992, stack(0x00000000287a0000,0x00000000288a0000)]
  0x000000001cc5d000 JavaThread "RMI Reaper" [_thread_blocked, id=28560, stack(0x00000000285a0000,0x00000000286a0000)]
  0x000000001cc5c800 JavaThread "RMI TCP Accept-0" daemon [_thread_in_native, id=25032, stack(0x00000000284a0000,0x00000000285a0000)]
  0x000000001cc4f000 JavaThread "GC Daemon" daemon [_thread_blocked, id=17768, stack(0x00000000283a0000,0x00000000284a0000)]
  0x000000001cc55000 JavaThread "RMI Scheduler(0)" daemon [_thread_blocked, id=29496, stack(0x00000000281a0000,0x00000000282a0000)]
  0x000000001cc8a000 JavaThread "MarlinRenderer Disposer" daemon [_thread_blocked, id=25560, stack(0x00000000276a0000,0x00000000277a0000)]
  0x000000001cc87800 JavaThread "Java2D Disposer" daemon [_thread_blocked, id=30628, stack(0x00000000275a0000,0x00000000276a0000)]
  0x000000001cc82800 JavaThread "Cache worker for file content cache (C:\Users\Daniel\.gradle\caches\5.4.1\fileContent)" [_thread_blocked, id=24932, stack(0x00000000269a0000,0x0000000026aa0000)]
  0x000000001c1eb800 JavaThread "Memory manager" [_thread_blocked, id=20076, stack(0x0000000022440000,0x0000000022540000)]
  0x000000001c1e8000 JavaThread "Cache worker for execution history cache (C:\Users\Daniel\.gradle\caches\5.4.1\executionHistory)" [_thread_blocked, id=25992, stack(0x0000000020d40000,0x0000000020e40000)]
  0x000000001a3a6000 JavaThread "Cache worker for journal cache (C:\Users\Daniel\.gradle\caches\journal-1)" [_thread_blocked, id=28808, stack(0x000000001b8c0000,0x000000001b9c0000)]
  0x000000001a3a9000 JavaThread "File lock request listener" [_thread_in_native, id=30700, stack(0x000000001b7c0000,0x000000001b8c0000)]
  0x000000001a3a8000 JavaThread "Cache worker for file hash cache (C:\Users\Daniel\.gradle\caches\5.4.1\fileHashes)" [_thread_blocked, id=28368, stack(0x000000001b6c0000,0x000000001b7c0000)]
  0x000000001a0c5800 JavaThread "Daemon periodic checks" [_thread_blocked, id=3784, stack(0x000000001acc0000,0x000000001adc0000)]
  0x000000001a04f800 JavaThread "Incoming local TCP Connector on port 42914" [_thread_in_native, id=25108, stack(0x000000001aa60000,0x000000001ab60000)]
  0x0000000019ceb000 JavaThread "Daemon health stats" [_thread_blocked, id=7316, stack(0x000000001a420000,0x000000001a520000)]
  0x0000000018653800 JavaThread "Service Thread" daemon [_thread_blocked, id=14028, stack(0x0000000018a50000,0x0000000018b50000)]
  0x0000000016d1d800 JavaThread "C1 CompilerThread2" daemon [_thread_blocked, id=24592, stack(0x0000000018550000,0x0000000018650000)]
  0x0000000016d1b000 JavaThread "C2 CompilerThread1" daemon [_thread_in_native, id=25704, stack(0x0000000018450000,0x0000000018550000)]
=>0x0000000016cbc000 JavaThread "C2 CompilerThread0" daemon [_thread_in_native, id=26104, stack(0x0000000018350000,0x0000000018450000)]
  0x0000000016cba800 JavaThread "Attach Listener" daemon [_thread_blocked, id=8548, stack(0x0000000018250000,0x0000000018350000)]
  0x000000000334e000 JavaThread "Signal Dispatcher" daemon [_thread_blocked, id=28516, stack(0x0000000018150000,0x0000000018250000)]
  0x0000000003345800 JavaThread "Finalizer" daemon [_thread_blocked, id=28772, stack(0x0000000017f30000,0x0000000018030000)]
  0x0000000016ca9000 JavaThread "Reference Handler" daemon [_thread_blocked, id=18112, stack(0x0000000017e30000,0x0000000017f30000)]
  0x000000000314e000 JavaThread "main" [_thread_blocked, id=27348, stack(0x0000000003150000,0x0000000003250000)]

Other Threads:
  0x0000000016c86800 VMThread [stack: 0x0000000017d30000,0x0000000017e30000] [id=24372]
  0x0000000018655800 WatcherThread [stack: 0x0000000018b50000,0x0000000018c50000] [id=20072]

VM state:not at safepoint (normal execution)

VM Mutex/Monitor currently owned by a thread: None

heap address: 0x00000000a0000000, size: 1536 MB, Compressed Oops mode: 32-bit
Narrow klass base: 0x0000000000000000, Narrow klass shift: 3
Compressed class space size: 1073741824 Address: 0x0000000100000000

Heap:
 PSYoungGen      total 392704K, used 258943K [0x00000000e0000000, 0x00000000ffc80000, 0x0000000100000000)
  eden space 265728K, 96% used [0x00000000e0000000,0x00000000efb4ab98,0x00000000f0380000)
  from space 126976K, 1% used [0x00000000f0380000,0x00000000f0515218,0x00000000f7f80000)
  to   space 127488K, 0% used [0x00000000f8000000,0x00000000f8000000,0x00000000ffc80000)
 ParOldGen       total 323072K, used 118705K [0x00000000a0000000, 0x00000000b3b80000, 0x00000000e0000000)
  object space 323072K, 36% used [0x00000000a0000000,0x00000000a73ec6f0,0x00000000b3b80000)
 Metaspace       used 138041K, capacity 147718K, committed 147860K, reserved 1177600K
  class space    used 17412K, capacity 19069K, committed 19132K, reserved 1048576K

Card table byte_map: [0x0000000012710000,0x0000000012a20000] byte_map_base: 0x0000000012210000

Marking Bits: (ParMarkBitMap*) 0x0000000062459f30
 Begin Bits: [0x0000000013020000, 0x0000000014820000)
 End Bits:   [0x0000000014820000, 0x0000000016020000)

Polling page: 0x0000000002ff0000

CodeCache: size=245760Kb used=90292Kb max_used=90317Kb free=155467Kb
 bounds [0x0000000003350000, 0x0000000008c10000, 0x0000000012350000]
 total_blobs=25826 nmethods=24794 adapters=941
 compilation: enabled

Compilation events (10 events):
Event: 6466.226 Thread 0x0000000016d1d800 32702  s    2       com.android.tools.r8.graph.DexApplication$Builder::addProgramClass (16 bytes)
Event: 6466.227 Thread 0x0000000016d1d800 nmethod 32702 0x0000000008bfa8d0 code [0x0000000008bfaa40, 0x0000000008bfad58]
Event: 6466.227 Thread 0x0000000016d1d800 32703       2       com.android.tools.r8.graph.LazyLoadedDexApplication$Builder::d (5 bytes)
Event: 6466.227 Thread 0x0000000016d1d800 nmethod 32703 0x0000000008bfae50 code [0x0000000008bfafa0, 0x0000000008bfb0f0]
Event: 6466.227 Thread 0x0000000016d1d800 32704       2       com.android.tools.r8.graph.LazyLoadedDexApplication$Builder::d (2 bytes)
Event: 6466.227 Thread 0x0000000016d1d800 nmethod 32704 0x0000000008bfb190 code [0x0000000008bfb2e0, 0x0000000008bfb430]
Event: 6466.227 Thread 0x0000000016d1d800 32705       2       com.android.tools.r8.utils.Q$$Lambda$1159/2066076710::get$Lambda (9 bytes)
Event: 6466.227 Thread 0x0000000016d1d800 nmethod 32705 0x0000000008bfc9d0 code [0x0000000008bfcb20, 0x0000000008bfccb0]
Event: 6466.230 Thread 0x0000000016d1b000 nmethod 32579 0x0000000008c01b50 code [0x0000000008c02060, 0x0000000008c055c0]
Event: 6466.232 Thread 0x0000000016d1b000 32706       4       org.gradle.api.internal.file.collections.DefaultFileCollectionResolveContext::doResolve (346 bytes)

GC Heap History (10 events):
Event: 6458.584 GC heap before
{Heap before GC invocations=42 (full 5):
 PSYoungGen      total 428032K, used 412990K [0x00000000e0000000, 0x0000000100000000, 0x0000000100000000)
  eden space 347136K, 100% used [0x00000000e0000000,0x00000000f5300000,0x00000000f5300000)
  from space 80896K, 81% used [0x00000000fb100000,0x00000000ff14f8c0,0x0000000100000000)
  to   space 88576K, 0% used [0x00000000f5300000,0x00000000f5300000,0x00000000fa980000)
 ParOldGen       total 323072K, used 48746K [0x00000000a0000000, 0x00000000b3b80000, 0x00000000e0000000)
  object space 323072K, 15% used [0x00000000a0000000,0x00000000a2f9a960,0x00000000b3b80000)
 Metaspace       used 132993K, capacity 142456K, committed 142612K, reserved 1173504K
  class space    used 16801K, capacity 18414K, committed 18492K, reserved 1048576K
Event: 6458.647 GC heap after
Heap after GC invocations=42 (full 5):
 PSYoungGen      total 435712K, used 88565K [0x00000000e0000000, 0x0000000100000000, 0x0000000100000000)
  eden space 347136K, 0% used [0x00000000e0000000,0x00000000e0000000,0x00000000f5300000)
  from space 88576K, 99% used [0x00000000f5300000,0x00000000fa97d688,0x00000000fa980000)
  to   space 88576K, 0% used [0x00000000fa980000,0x00000000fa980000,0x0000000100000000)
 ParOldGen       total 323072K, used 51925K [0x00000000a0000000, 0x00000000b3b80000, 0x00000000e0000000)
  object space 323072K, 16% used [0x00000000a0000000,0x00000000a32b5540,0x00000000b3b80000)
 Metaspace       used 132993K, capacity 142456K, committed 142612K, reserved 1173504K
  class space    used 16801K, capacity 18414K, committed 18492K, reserved 1048576K
}
Event: 6459.067 GC heap before
{Heap before GC invocations=43 (full 5):
 PSYoungGen      total 435712K, used 435701K [0x00000000e0000000, 0x0000000100000000, 0x0000000100000000)
  eden space 347136K, 100% used [0x00000000e0000000,0x00000000f5300000,0x00000000f5300000)
  from space 88576K, 99% used [0x00000000f5300000,0x00000000fa97d688,0x00000000fa980000)
  to   space 88576K, 0% used [0x00000000fa980000,0x00000000fa980000,0x0000000100000000)
 ParOldGen       total 323072K, used 52125K [0x00000000a0000000, 0x00000000b3b80000, 0x00000000e0000000)
  object space 323072K, 16% used [0x00000000a0000000,0x00000000a32e7468,0x00000000b3b80000)
 Metaspace       used 133047K, capacity 142468K, committed 142612K, reserved 1173504K
  class space    used 16803K, capacity 18416K, committed 18492K, reserved 1048576K
Event: 6459.240 GC heap after
Heap after GC invocations=43 (full 5):
 PSYoungGen      total 368128K, used 88559K [0x00000000e0000000, 0x0000000100000000, 0x0000000100000000)
  eden space 279552K, 0% used [0x00000000e0000000,0x00000000e0000000,0x00000000f1100000)
  from space 88576K, 99% used [0x00000000fa980000,0x00000000ffffbd48,0x0000000100000000)
  to   space 122368K, 0% used [0x00000000f1100000,0x00000000f1100000,0x00000000f8880000)
 ParOldGen       total 323072K, used 68891K [0x00000000a0000000, 0x00000000b3b80000, 0x00000000e0000000)
  object space 323072K, 21% used [0x00000000a0000000,0x00000000a4346d38,0x00000000b3b80000)
 Metaspace       used 133047K, capacity 142468K, committed 142612K, reserved 1173504K
  class space    used 16803K, capacity 18416K, committed 18492K, reserved 1048576K
}
Event: 6459.471 GC heap before
{Heap before GC invocations=44 (full 5):
 PSYoungGen      total 368128K, used 368111K [0x00000000e0000000, 0x0000000100000000, 0x0000000100000000)
  eden space 279552K, 100% used [0x00000000e0000000,0x00000000f1100000,0x00000000f1100000)
  from space 88576K, 99% used [0x00000000fa980000,0x00000000ffffbd48,0x0000000100000000)
  to   space 122368K, 0% used [0x00000000f1100000,0x00000000f1100000,0x00000000f8880000)
 ParOldGen       total 323072K, used 68894K [0x00000000a0000000, 0x00000000b3b80000, 0x00000000e0000000)
  object space 323072K, 21% used [0x00000000a0000000,0x00000000a43478f0,0x00000000b3b80000)
 Metaspace       used 133051K, capacity 142468K, committed 142612K, reserved 1173504K
  class space    used 16803K, capacity 18416K, committed 18492K, reserved 1048576K
Event: 6459.577 GC heap after
Heap after GC invocations=44 (full 5):
 PSYoungGen      total 372224K, used 92666K [0x00000000e0000000, 0x0000000100000000, 0x0000000100000000)
  eden space 279552K, 0% used [0x00000000e0000000,0x00000000e0000000,0x00000000f1100000)
  from space 92672K, 99% used [0x00000000f1100000,0x00000000f6b7e8e8,0x00000000f6b80000)
  to   space 131584K, 0% used [0x00000000f7f80000,0x00000000f7f80000,0x0000000100000000)
 ParOldGen       total 323072K, used 73404K [0x00000000a0000000, 0x00000000b3b80000, 0x00000000e0000000)
  object space 323072K, 22% used [0x00000000a0000000,0x00000000a47af0e8,0x00000000b3b80000)
 Metaspace       used 133051K, capacity 142468K, committed 142612K, reserved 1173504K
  class space    used 16803K, capacity 18416K, committed 18492K, reserved 1048576K
}
Event: 6459.802 GC heap before
{Heap before GC invocations=45 (full 5):
 PSYoungGen      total 372224K, used 372218K [0x00000000e0000000, 0x0000000100000000, 0x0000000100000000)
  eden space 279552K, 100% used [0x00000000e0000000,0x00000000f1100000,0x00000000f1100000)
  from space 92672K, 99% used [0x00000000f1100000,0x00000000f6b7e8e8,0x00000000f6b80000)
  to   space 131584K, 0% used [0x00000000f7f80000,0x00000000f7f80000,0x0000000100000000)
 ParOldGen       total 323072K, used 73404K [0x00000000a0000000, 0x00000000b3b80000, 0x00000000e0000000)
  object space 323072K, 22% used [0x00000000a0000000,0x00000000a47af0e8,0x00000000b3b80000)
 Metaspace       used 133064K, capacity 142468K, committed 142612K, reserved 1173504K
  class space    used 16803K, capacity 18416K, committed 18492K, reserved 1048576K
Event: 6459.979 GC heap after
Heap after GC invocations=45 (full 5):
 PSYoungGen      total 397312K, used 31129K [0x00000000e0000000, 0x0000000100000000, 0x0000000100000000)
  eden space 265728K, 0% used [0x00000000e0000000,0x00000000e0000000,0x00000000f0380000)
  from space 131584K, 23% used [0x00000000f7f80000,0x00000000f9de65b0,0x0000000100000000)
  to   space 126976K, 0% used [0x00000000f0380000,0x00000000f0380000,0x00000000f7f80000)
 ParOldGen       total 323072K, used 111086K [0x00000000a0000000, 0x00000000b3b80000, 0x00000000e0000000)
  object space 323072K, 34% used [0x00000000a0000000,0x00000000a6c7b9e8,0x00000000b3b80000)
 Metaspace       used 133064K, capacity 142468K, committed 142612K, reserved 1173504K
  class space    used 16803K, capacity 18416K, committed 18492K, reserved 1048576K
}
Event: 6460.898 GC heap before
{Heap before GC invocations=46 (full 5):
 PSYoungGen      total 397312K, used 296857K [0x00000000e0000000, 0x0000000100000000, 0x0000000100000000)
  eden space 265728K, 100% used [0x00000000e0000000,0x00000000f0380000,0x00000000f0380000)
  from space 131584K, 23% used [0x00000000f7f80000,0x00000000f9de65b0,0x0000000100000000)
  to   space 126976K, 0% used [0x00000000f0380000,0x00000000f0380000,0x00000000f7f80000)
 ParOldGen       total 323072K, used 111086K [0x00000000a0000000, 0x00000000b3b80000, 0x00000000e0000000)
  object space 323072K, 34% used [0x00000000a0000000,0x00000000a6c7b9e8,0x00000000b3b80000)
 Metaspace       used 133216K, capacity 142660K, committed 142868K, reserved 1173504K
  class space    used 16818K, capacity 18454K, committed 18492K, reserved 1048576K
Event: 6460.945 GC heap after
Heap after GC invocations=46 (full 5):
 PSYoungGen      total 392704K, used 1620K [0x00000000e0000000, 0x00000000ffc80000, 0x0000000100000000)
  eden space 265728K, 0% used [0x00000000e0000000,0x00000000e0000000,0x00000000f0380000)
  from space 126976K, 1% used [0x00000000f0380000,0x00000000f0515218,0x00000000f7f80000)
  to   space 127488K, 0% used [0x00000000f8000000,0x00000000f8000000,0x00000000ffc80000)
 ParOldGen       total 323072K, used 118705K [0x00000000a0000000, 0x00000000b3b80000, 0x00000000e0000000)
  object space 323072K, 36% used [0x00000000a0000000,0x00000000a73ec6f0,0x00000000b3b80000)
 Metaspace       used 133216K, capacity 142660K, committed 142868K, reserved 1173504K
  class space    used 16818K, capacity 18454K, committed 18492K, reserved 1048576K
}

Deoptimization events (10 events):
Event: 6464.469 Thread 0x000000002414b800 Uncommon trap: reason=unstable_if action=reinterpret pc=0x0000000008a2fc00 method=com.google.gson.stream.JsonWriter.newline()V @ 4
Event: 6464.469 Thread 0x000000002414b800 Uncommon trap: reason=unstable_if action=reinterpret pc=0x0000000008a20094 method=com.google.gson.stream.JsonWriter.string(Ljava/lang/String;)V @ 4
Event: 6464.469 Thread 0x000000002414b800 Uncommon trap: reason=class_check action=maybe_recompile pc=0x0000000008a370e0 method=com.google.gson.stream.JsonWriter.beforeValue()V @ 111
Event: 6464.469 Thread 0x000000002414b800 Uncommon trap: reason=class_check action=maybe_recompile pc=0x0000000008a370e0 method=com.google.gson.stream.JsonWriter.beforeValue()V @ 111
Event: 6464.470 Thread 0x000000002414b800 Uncommon trap: reason=class_check action=maybe_recompile pc=0x0000000008a23f28 method=com.google.gson.stream.JsonWriter.beforeName()V @ 16
Event: 6464.470 Thread 0x000000002414b800 Uncommon trap: reason=class_check action=maybe_recompile pc=0x0000000008a370e0 method=com.google.gson.stream.JsonWriter.beforeValue()V @ 111
Event: 6464.470 Thread 0x000000002414b800 Uncommon trap: reason=class_check action=maybe_recompile pc=0x0000000008a370e0 method=com.google.gson.stream.JsonWriter.beforeValue()V @ 111
Event: 6464.470 Thread 0x000000002414b800 Uncommon trap: reason=class_check action=maybe_recompile pc=0x0000000008a23f28 method=com.google.gson.stream.JsonWriter.beforeName()V @ 16
Event: 6464.470 Thread 0x000000002414b800 Uncommon trap: reason=class_check action=maybe_recompile pc=0x0000000008a23f28 method=com.google.gson.stream.JsonWriter.beforeName()V @ 16
Event: 6464.470 Thread 0x000000002414b800 Uncommon trap: reason=class_check action=maybe_recompile pc=0x0000000008a23f28 method=com.google.gson.stream.JsonWriter.beforeName()V @ 16

Classes redefined (0 events):
No events

Internal exceptions (10 events):
Event: 6463.875 Thread 0x000000002414d800 Implicit null exception at 0x00000000089ca851 to 0x00000000089c892d
Event: 6463.931 Thread 0x000000002414d800 Exception <a 'java/lang/NoSuchMethodError': <clinit>> (0x00000000e7dea8e8) thrown at [D:\src\AOSP-openjdk-cygwin\jdk8u\hotspot\src\share\vm\prims\jni.cpp, line 1614]
Event: 6463.932 Thread 0x000000002414d800 Exception <a 'java/lang/NoSuchMethodError': <clinit>> (0x00000000e82d2af8) thrown at [D:\src\AOSP-openjdk-cygwin\jdk8u\hotspot\src\share\vm\prims\jni.cpp, line 1614]
Event: 6463.932 Thread 0x000000002414d800 Exception <a 'java/lang/NoSuchMethodError': <clinit>> (0x00000000e82d7908) thrown at [D:\src\AOSP-openjdk-cygwin\jdk8u\hotspot\src\share\vm\prims\jni.cpp, line 1614]
Event: 6463.932 Thread 0x000000002414d800 Exception <a 'java/lang/NoSuchMethodError': <clinit>> (0x00000000e82e7df0) thrown at [D:\src\AOSP-openjdk-cygwin\jdk8u\hotspot\src\share\vm\prims\jni.cpp, line 1614]
Event: 6465.189 Thread 0x000000002414b800 Exception <a 'sun/nio/fs/WindowsException'> (0x00000000eaf96e90) thrown at [D:\src\AOSP-openjdk-cygwin\jdk8u\hotspot\src\share\vm\prims\jni.cpp, line 710]
Event: 6465.910 Thread 0x000000002414b800 Exception <a 'java/lang/NoSuchMethodError': java.lang.Object.lambda$static$0(Ljava/lang/String;)Z> (0x00000000ebe02a50) thrown at [D:\src\AOSP-openjdk-cygwin\jdk8u\hotspot\src\share\vm\interpreter\linkResolver.cpp, line 620]
Event: 6465.965 Thread 0x000000002414b800 Exception <a 'sun/nio/fs/WindowsException'> (0x00000000ec8ce5e8) thrown at [D:\src\AOSP-openjdk-cygwin\jdk8u\hotspot\src\share\vm\prims\jni.cpp, line 710]
Event: 6465.994 Thread 0x0000000024144800 Exception <a 'sun/nio/fs/WindowsException'> (0x00000000ed193ce8) thrown at [D:\src\AOSP-openjdk-cygwin\jdk8u\hotspot\src\share\vm\prims\jni.cpp, line 710]
Event: 6465.997 Thread 0x000000001cc59800 Exception <a 'sun/nio/fs/WindowsException'> (0x00000000ed36d058) thrown at [D:\src\AOSP-openjdk-cygwin\jdk8u\hotspot\src\share\vm\prims\jni.cpp, line 710]

Events (10 events):
Event: 6466.247 loading class com/android/tools/r8/n/a/a/a/e
Event: 6466.247 loading class com/android/tools/r8/n/a/a/a/e done
Event: 6466.247 loading class com/android/tools/r8/ir/code/InstructionIterator
Event: 6466.247 loading class com/android/tools/r8/ir/code/InstructionIterator done
Event: 6466.248 loading class com/android/tools/r8/ir/code/NewInstance
Event: 6466.248 loading class com/android/tools/r8/ir/code/NewInstance done
Event: 6466.248 loading class com/android/tools/r8/ir/code/Value
Event: 6466.248 loading class com/android/tools/r8/ir/code/Value done
Event: 6466.250 loading class com/android/tools/r8/ir/code/Phi
Event: 6466.250 loading class com/android/tools/r8/ir/code/Phi done


Dynamic libraries:
0x00007ff605030000 - 0x00007ff605061000 	C:\Program Files\Android\Android Studio\jre\bin\java.exe
0x00007ffd1f170000 - 0x00007ffd1f35d000 	C:\Windows\SYSTEM32\ntdll.dll
0x00007ffd1cd70000 - 0x00007ffd1ce23000 	C:\Windows\System32\KERNEL32.DLL
0x00007ffd1b230000 - 0x00007ffd1b4c3000 	C:\Windows\System32\KERNELBASE.dll
0x00007ffd1c9e0000 - 0x00007ffd1ca83000 	C:\Windows\System32\ADVAPI32.dll
0x00007ffd1c940000 - 0x00007ffd1c9de000 	C:\Windows\System32\msvcrt.dll
0x00007ffd1d870000 - 0x00007ffd1d90e000 	C:\Windows\System32\sechost.dll
0x00007ffd1daa0000 - 0x00007ffd1dbc2000 	C:\Windows\System32\RPCRT4.dll
0x00007ffd1d180000 - 0x00007ffd1d317000 	C:\Windows\System32\USER32.dll
0x00007ffd1c0c0000 - 0x00007ffd1c0e0000 	C:\Windows\System32\win32u.dll
0x00007ffd1ce30000 - 0x00007ffd1ce59000 	C:\Windows\System32\GDI32.dll
0x00007ffd1b4d0000 - 0x00007ffd1b669000 	C:\Windows\System32\gdi32full.dll
0x00007ffd1c2f0000 - 0x00007ffd1c390000 	C:\Windows\System32\msvcp_win.dll
0x00007ffd1b740000 - 0x00007ffd1b83a000 	C:\Windows\System32\ucrtbase.dll
0x00007ffd0f550000 - 0x00007ffd0f7c9000 	C:\Windows\WinSxS\amd64_microsoft.windows.common-controls_6595b64144ccf1df_6.0.17763.737_none_05b6437c071e554b\COMCTL32.dll
0x00007ffd1d3e0000 - 0x00007ffd1d70c000 	C:\Windows\System32\combase.dll
0x00007ffd1b8f0000 - 0x00007ffd1b96e000 	C:\Windows\System32\bcryptPrimitives.dll
0x00007ffd1d0e0000 - 0x00007ffd1d10e000 	C:\Windows\System32\IMM32.DLL
0x0000000061bb0000 - 0x0000000061c82000 	C:\Program Files\Android\Android Studio\jre\jre\bin\msvcr100.dll
0x0000000061c90000 - 0x00000000624d6000 	C:\Program Files\Android\Android Studio\jre\jre\bin\server\jvm.dll
0x00007ffd1d9b0000 - 0x00007ffd1d9b8000 	C:\Windows\System32\PSAPI.DLL
0x00007ffcfe030000 - 0x00007ffcfe039000 	C:\Windows\SYSTEM32\WSOCK32.dll
0x00007ffd17cd0000 - 0x00007ffd17cf4000 	C:\Windows\SYSTEM32\WINMM.dll
0x00007ffd1d110000 - 0x00007ffd1d17d000 	C:\Windows\System32\WS2_32.dll
0x00007ffd15bb0000 - 0x00007ffd15bba000 	C:\Windows\SYSTEM32\VERSION.dll
0x00007ffd17c80000 - 0x00007ffd17cad000 	C:\Windows\SYSTEM32\winmmbase.dll
0x00007ffd1b840000 - 0x00007ffd1b88a000 	C:\Windows\System32\cfgmgr32.dll
0x00007ffd177e0000 - 0x00007ffd177ef000 	C:\Program Files\Android\Android Studio\jre\jre\bin\verify.dll
0x00007ffd11940000 - 0x00007ffd11969000 	C:\Program Files\Android\Android Studio\jre\jre\bin\java.dll
0x00007ffd0ff70000 - 0x00007ffd0ff86000 	C:\Program Files\Android\Android Studio\jre\jre\bin\zip.dll
0x00007ffd1dbd0000 - 0x00007ffd1f0c2000 	C:\Windows\System32\SHELL32.dll
0x00007ffd1d030000 - 0x00007ffd1d0d8000 	C:\Windows\System32\shcore.dll
0x00007ffd1b970000 - 0x00007ffd1c0ba000 	C:\Windows\System32\windows.storage.dll
0x00007ffd1b180000 - 0x00007ffd1b1a4000 	C:\Windows\System32\profapi.dll
0x00007ffd1b1d0000 - 0x00007ffd1b22d000 	C:\Windows\System32\powrprof.dll
0x00007ffd1ce60000 - 0x00007ffd1ceb2000 	C:\Windows\System32\shlwapi.dll
0x00007ffd1b160000 - 0x00007ffd1b171000 	C:\Windows\System32\kernel.appcore.dll
0x00007ffd1b670000 - 0x00007ffd1b687000 	C:\Windows\System32\cryptsp.dll
0x00007ffd0fea0000 - 0x00007ffd0feba000 	C:\Program Files\Android\Android Studio\jre\jre\bin\net.dll
0x00007ffd1a9d0000 - 0x00007ffd1aa37000 	C:\Windows\system32\mswsock.dll
0x00007ffd0fe30000 - 0x00007ffd0fe41000 	C:\Program Files\Android\Android Studio\jre\jre\bin\nio.dll
0x00007ffd0fb30000 - 0x00007ffd0fb56000 	C:\Users\Daniel\.gradle\native\29\windows-amd64\native-platform.dll
0x00007ffd12350000 - 0x00007ffd1235d000 	C:\Program Files\Android\Android Studio\jre\jre\bin\management.dll
0x00007ffd1a550000 - 0x00007ffd1a583000 	C:\Windows\system32\rsaenh.dll
0x00007ffd1c0e0000 - 0x00007ffd1c106000 	C:\Windows\System32\bcrypt.dll
0x00007ffd1b060000 - 0x00007ffd1b088000 	C:\Windows\SYSTEM32\USERENV.dll
0x00007ffd1aba0000 - 0x00007ffd1abac000 	C:\Windows\SYSTEM32\CRYPTBASE.dll
0x00007ffd1a6f0000 - 0x00007ffd1a72d000 	C:\Windows\SYSTEM32\IPHLPAPI.DLL
0x00007ffd1f0d0000 - 0x00007ffd1f0d8000 	C:\Windows\System32\NSI.dll
0x00007ffd160c0000 - 0x00007ffd160d6000 	C:\Windows\SYSTEM32\dhcpcsvc6.DLL
0x00007ffd15da0000 - 0x00007ffd15dbc000 	C:\Windows\SYSTEM32\dhcpcsvc.DLL
0x00007ffd1a730000 - 0x00007ffd1a7f6000 	C:\Windows\SYSTEM32\DNSAPI.dll
0x00007ffce43f0000 - 0x00007ffce458c000 	C:\Program Files\Android\Android Studio\jre\jre\bin\awt.dll
0x00007ffd1d9c0000 - 0x00007ffd1da84000 	C:\Windows\System32\OLEAUT32.dll
0x00007ffd19820000 - 0x00007ffd1984e000 	C:\Windows\SYSTEM32\dwmapi.dll
0x00007ffd1c110000 - 0x00007ffd1c2eb000 	C:\Windows\System32\CRYPT32.dll
0x00007ffd1b1b0000 - 0x00007ffd1b1c2000 	C:\Windows\System32\MSASN1.dll
0x00007ffd186f0000 - 0x00007ffd18cae000 	C:\Windows\SYSTEM32\d2d1.dll
0x00007ffd19400000 - 0x00007ffd1948c000 	C:\Windows\SYSTEM32\apphelp.dll
0x00007ffd19730000 - 0x00007ffd197cc000 	C:\Windows\system32\uxtheme.dll
0x00007ffd0fe10000 - 0x00007ffd0fe2e000 	C:\Users\Daniel\AppData\Local\Temp\native-platform2608361196949110872dir\native-platform.dll

VM Arguments:
jvm_args: -Xmx1536m -Dfile.encoding=windows-1252 -Duser.country=PE -Duser.language=es -Duser.variant 
java_command: org.gradle.launcher.daemon.bootstrap.GradleDaemon 5.4.1
java_class_path (initial): C:\Users\Daniel\.gradle\wrapper\dists\gradle-5.4.1-all\3221gyojl5jsh0helicew7rwx\gradle-5.4.1\lib\gradle-launcher-5.4.1.jar
Launcher Type: SUN_STANDARD

Environment Variables:
PATH=C:\Program Files (x86)\Common Files\Oracle\Java\javapath;C:\Windows\system32;C:\Windows;C:\Windows\System32\Wbem;C:\Windows\System32\WindowsPowerShell\v1.0\;C:\Windows\System32\OpenSSH\;C:\Program Files\Git\cmd;C:\Program Files\dotnet\;C:\Program Files\Microsoft SQL Server\130\Tools\Binn\;C:\Program Files\Microsoft SQL Server\Client SDK\ODBC\170\Tools\Binn\;C:\Program Files\Microsoft SQL Server\Client SDK\ODBC\130\Tools\Binn\;C:\Program Files (x86)\Microsoft SQL Server\140\Tools\Binn\;C:\Program Files\Microsoft SQL Server\140\Tools\Binn\;C:\Program Files (x86)\Microsoft SQL Server\140\DTS\Binn\;C:\Program Files\Microsoft SQL Server\140\DTS\Binn\;C:\Program Files (x86)\Microsoft SQL Server\150\DTS\Binn\;C:\Program Files\TortoiseGit\bin;D:\Descargas\apache-maven-3.6.2-bin\apache-maven-3.6.2\bin;C:\Users\Daniel\AppData\Local\Microsoft\WindowsApps;C:\Users\Daniel\AppData\Local\GitHubDesktop\bin;D:\Programas\Microsoft VS Code\bin;C:\Program Files\heroku\bin;C:\Users\Daniel\.dotnet\tools
USERNAME=Daniel
OS=Windows_NT
PROCESSOR_IDENTIFIER=Intel64 Family 6 Model 158 Stepping 9, GenuineIntel



---------------  S Y S T E M  ---------------

OS: Windows 10.0 , 64 bit Build 17763 (10.0.17763.475)

CPU:total 4 (initial active 4) (4 cores per cpu, 1 threads per core) family 6 model 158 stepping 9, cmov, cx8, fxsr, mmx, sse, sse2, sse3, ssse3, sse4.1, sse4.2, popcnt, avx, avx2, aes, clmul, erms, 3dnowpref, lzcnt, tsc, tscinvbit, bmi1, bmi2, adx

Memory: 4k page, physical 16710368k(3515512k free), swap 31290460k(4672k free)

vm_info: OpenJDK 64-Bit Server VM (25.202-b03) for windows-amd64 JRE (1.8.0_202-release-1483-b03), built by "builder" with MS VC++ 10.0 (VS2010)

time: Thu Sep 26 14:14:22 2019
timezone: Hora est. Pacífico, Sudamérica
elapsed time: 6466 seconds (0d 1h 47m 46s)

