#
# There is insufficient memory for the Java Runtime Environment to continue.
# Native memory allocation (malloc) failed to allocate 225456 bytes for Chunk::new
# Possible reasons:
#   The system is out of physical RAM or swap space
#   The process is running with CompressedOops enabled, and the Java Heap may be blocking the growth of the native heap
# Possible solutions:
#   Reduce memory load on the system
#   Increase physical memory or swap space
#   Check if swap backing store is full
#   Decrease Java heap size (-Xmx/-Xms)
#   Decrease number of Java threads
#   Decrease Java thread stack sizes (-Xss)
#   Set larger code cache with -XX:ReservedCodeCacheSize=
#   JVM is running with Unscaled Compressed Oops mode in which the Java heap is
#     placed in the first 4GB address space. The Java Heap base address is the
#     maximum limit for the native heap growth. Please use -XX:HeapBaseMinAddress
#     to set the Java Heap base and to place the Java Heap above 4GB virtual address.
# This output file may be truncated or incomplete.
#
#  Out of Memory Error (allocation.cpp:389), pid=32840, tid=0x0000000000007fc4
#
# JRE version: OpenJDK Runtime Environment (8.0_202-b03) (build 1.8.0_202-release-1483-b03)
# Java VM: OpenJDK 64-Bit Server VM (25.202-b03 mixed mode windows-amd64 compressed oops)
# Failed to write core dump. Minidumps are not enabled by default on client versions of Windows
#

---------------  T H R E A D  ---------------

Current thread (0x0000000016129000):  JavaThread "C2 CompilerThread0" daemon [_thread_in_native, id=32708, stack(0x00000000177b0000,0x00000000178b0000)]

Stack: [0x00000000177b0000,0x00000000178b0000]
[error occurred during error reporting (printing stack bounds), id 0xc0000005]

Native frames: (J=compiled Java code, j=interpreted, Vv=VM code, C=native code)


Current CompileTask:
C2:  11670 7307   !   4       java.io.BufferedReader::readLine (304 bytes)


---------------  P R O C E S S  ---------------

Java Threads: ( => current thread )
  0x000000001cd03000 JavaThread "Cache worker for execution history cache (D:\Git\SwapApp\.gradle\5.4.1\executionHistory)" [_thread_blocked, id=34324, stack(0x0000000023d20000,0x0000000023e20000)]
  0x000000001cd01800 JavaThread "Execution worker for ':' Thread 3" [_thread_in_vm, id=34272, stack(0x0000000023c20000,0x0000000023d20000)]
  0x000000001cd04800 JavaThread "Execution worker for ':' Thread 2" [_thread_in_native, id=34268, stack(0x0000000023b20000,0x0000000023c20000)]
  0x0000000019692000 JavaThread "Execution worker for ':'" [_thread_blocked, id=34264, stack(0x0000000023a20000,0x0000000023b20000)]
  0x0000000019693800 JavaThread "Cache worker for file content cache (D:\Git\SwapApp\.gradle\5.4.1\fileContent)" [_thread_blocked, id=34108, stack(0x0000000023520000,0x0000000023620000)]
  0x0000000019692800 JavaThread "Cache worker for file content cache (C:\Users\Daniel\.gradle\caches\5.4.1\fileContent)" [_thread_blocked, id=34104, stack(0x0000000023420000,0x0000000023520000)]
  0x0000000019691000 JavaThread "Memory manager" [_thread_blocked, id=34064, stack(0x0000000023120000,0x0000000023220000)]
  0x000000001968f000 JavaThread "Cache worker for Build Output Cleanup Cache (D:\Git\SwapApp\.gradle\buildOutputCleanup)" [_thread_blocked, id=33820, stack(0x0000000022420000,0x0000000022520000)]
  0x000000001968e000 JavaThread "pool-1-thread-1" [_thread_blocked, id=25560, stack(0x0000000022120000,0x0000000022220000)]
  0x0000000019687800 JavaThread "Build operations Thread 4" [_thread_blocked, id=32372, stack(0x0000000022020000,0x0000000022120000)]
  0x000000001968c800 JavaThread "Build operations Thread 3" [_thread_blocked, id=33656, stack(0x0000000021f20000,0x0000000022020000)]
  0x0000000019688000 JavaThread "Build operations Thread 2" [_thread_blocked, id=31712, stack(0x0000000021e20000,0x0000000021f20000)]
  0x000000001968a800 JavaThread "Build operations" [_thread_blocked, id=33552, stack(0x0000000021d20000,0x0000000021e20000)]
  0x0000000019685000 JavaThread "Cache worker for execution history cache (C:\Users\Daniel\.gradle\caches\5.4.1\executionHistory)" [_thread_blocked, id=33540, stack(0x0000000020c50000,0x0000000020d50000)]
  0x000000001968c000 JavaThread "Cache worker for cache directory md-rule (C:\Users\Daniel\.gradle\caches\5.4.1\md-rule)" [_thread_blocked, id=25992, stack(0x0000000020b50000,0x0000000020c50000)]
  0x0000000019689800 JavaThread "Cache worker for cache directory md-supplier (C:\Users\Daniel\.gradle\caches\5.4.1\md-supplier)" [_thread_blocked, id=32828, stack(0x0000000020380000,0x0000000020480000)]
  0x000000001612e800 JavaThread "Cache worker for file hash cache (D:\Git\SwapApp\.gradle\5.4.1\fileHashes)" [_thread_blocked, id=33164, stack(0x000000001d360000,0x000000001d460000)]
  0x000000001612e000 JavaThread "Cache worker for journal cache (C:\Users\Daniel\.gradle\caches\journal-1)" [_thread_blocked, id=33640, stack(0x000000001ad20000,0x000000001ae20000)]
  0x0000000016130000 JavaThread "File lock request listener" [_thread_in_native, id=33392, stack(0x000000001ac20000,0x000000001ad20000)]
  0x000000001612b000 JavaThread "Cache worker for file hash cache (C:\Users\Daniel\.gradle\caches\5.4.1\fileHashes)" [_thread_blocked, id=33172, stack(0x000000001ab20000,0x000000001ac20000)]
  0x000000001951c800 JavaThread "Thread-9" [_thread_blocked, id=33748, stack(0x000000001aa20000,0x000000001ab20000)]
  0x0000000019482800 JavaThread "Stdin handler" [_thread_blocked, id=32912, stack(0x000000001a920000,0x000000001aa20000)]
  0x000000001946a000 JavaThread "Asynchronous log dispatcher for DefaultDaemonConnection: socket connection from /127.0.0.1:44247 to /127.0.0.1:44248" [_thread_blocked, id=30340, stack(0x000000001a820000,0x000000001a920000)]
  0x0000000019439000 JavaThread "Daemon worker" [_thread_in_Java, id=26212, stack(0x000000001a720000,0x000000001a820000)]
  0x0000000019438800 JavaThread "Cancel handler" [_thread_blocked, id=32580, stack(0x000000001a620000,0x000000001a720000)]
  0x0000000018e70000 JavaThread "Handler for socket connection from /127.0.0.1:44247 to /127.0.0.1:44248" [_thread_in_native, id=10152, stack(0x000000001a320000,0x000000001a420000)]
  0x0000000018e68000 JavaThread "Daemon" [_thread_blocked, id=20072, stack(0x000000001a220000,0x000000001a320000)]
  0x0000000018e53800 JavaThread "Daemon periodic checks" [_thread_blocked, id=29780, stack(0x000000001a120000,0x000000001a220000)]
  0x0000000018e4b000 JavaThread "Incoming local TCP Connector on port 44247" [_thread_in_native, id=33028, stack(0x0000000019ec0000,0x0000000019fc0000)]
  0x0000000019354000 JavaThread "Daemon health stats" [_thread_blocked, id=31652, stack(0x0000000019880000,0x0000000019980000)]
  0x0000000017ae0800 JavaThread "Service Thread" daemon [_thread_blocked, id=30632, stack(0x0000000017eb0000,0x0000000017fb0000)]
  0x000000001612c800 JavaThread "C1 CompilerThread2" daemon [_thread_blocked, id=33192, stack(0x00000000179b0000,0x0000000017ab0000)]
  0x0000000016120800 JavaThread "C2 CompilerThread1" daemon [_thread_blocked, id=33248, stack(0x00000000178b0000,0x00000000179b0000)]
=>0x0000000016129000 JavaThread "C2 CompilerThread0" daemon [_thread_in_native, id=32708, stack(0x00000000177b0000,0x00000000178b0000)]
  0x0000000016127800 JavaThread "Attach Listener" daemon [_thread_blocked, id=30644, stack(0x00000000176b0000,0x00000000177b0000)]
  0x0000000016126000 JavaThread "Signal Dispatcher" daemon [_thread_blocked, id=28984, stack(0x00000000175b0000,0x00000000176b0000)]
  0x00000000027ac800 JavaThread "Finalizer" daemon [_thread_blocked, id=32724, stack(0x0000000017390000,0x0000000017490000)]
  0x0000000016109000 JavaThread "Reference Handler" daemon [_thread_blocked, id=33276, stack(0x0000000017290000,0x0000000017390000)]
  0x000000000095e000 JavaThread "main" [_thread_blocked, id=17768, stack(0x0000000000db0000,0x0000000000eb0000)]

Other Threads:
  0x00000000160e6800 VMThread [stack: 0x0000000017190000,0x0000000017290000] [id=32416]
  0x0000000017ae3000 WatcherThread [stack: 0x0000000017fb0000,0x00000000180b0000] [id=27600]

VM state:not at safepoint (normal execution)

VM Mutex/Monitor currently owned by a thread: None

heap address: 0x00000000a0000000, size: 1536 MB, Compressed Oops mode: 32-bit
Narrow klass base: 0x0000000000000000, Narrow klass shift: 3
Compressed class space size: 1073741824 Address: 0x0000000100000000

Heap:
 PSYoungGen      total 192000K, used 126806K [0x00000000e0000000, 0x00000000f0d80000, 0x0000000100000000)
  eden space 171520K, 73% used [0x00000000e0000000,0x00000000e7bd5bd8,0x00000000ea780000)
  from space 20480K, 0% used [0x00000000ea780000,0x00000000ea780000,0x00000000ebb80000)
  to   space 20992K, 0% used [0x00000000ef900000,0x00000000ef900000,0x00000000f0d80000)
 ParOldGen       total 182784K, used 29127K [0x00000000a0000000, 0x00000000ab280000, 0x00000000e0000000)
  object space 182784K, 15% used [0x00000000a0000000,0x00000000a1c71f10,0x00000000ab280000)
 Metaspace       used 62285K, capacity 64310K, committed 64472K, reserved 1105920K
  class space    used 8383K, capacity 8842K, committed 8960K, reserved 1048576K

Card table byte_map: [0x0000000011b70000,0x0000000011e80000] byte_map_base: 0x0000000011670000

Marking Bits: (ParMarkBitMap*) 0x0000000062459f30
 Begin Bits: [0x0000000012480000, 0x0000000013c80000)
 End Bits:   [0x0000000013c80000, 0x0000000015480000)

Polling page: 0x0000000000920000

CodeCache: size=245760Kb used=20824Kb max_used=20836Kb free=224935Kb
 bounds [0x00000000027b0000, 0x0000000003c20000, 0x00000000117b0000]
 total_blobs=7494 nmethods=6704 adapters=703
 compilation: enabled

Compilation events (10 events):
Event: 11.668 Thread 0x000000001612c800 7316   !   3       sun.nio.fs.WindowsFileSystemProvider::newByteChannel (71 bytes)
Event: 11.668 Thread 0x000000001612c800 nmethod 7316 0x0000000003c134d0 code [0x0000000003c13700, 0x0000000003c14188]
Event: 11.668 Thread 0x000000001612c800 7318       3       java.nio.file.FileTreeWalker::<init> (144 bytes)
Event: 11.668 Thread 0x0000000016120800 7321       4       java.nio.Buffer::<init> (121 bytes)
Event: 11.668 Thread 0x000000001612c800 nmethod 7318 0x0000000003c14810 code [0x0000000003c14a40, 0x0000000003c15768]
Event: 11.669 Thread 0x000000001612c800 7319       3       java.nio.file.FileTreeWalker::walk (45 bytes)
Event: 11.669 Thread 0x000000001612c800 nmethod 7319 0x0000000003c0a9d0 code [0x0000000003c0ab60, 0x0000000003c0ae18]
Event: 11.669 Thread 0x000000001612c800 7320       3       java.nio.file.Files::newBufferedReader (31 bytes)
Event: 11.669 Thread 0x000000001612c800 nmethod 7320 0x0000000003c15d10 code [0x0000000003c15f40, 0x0000000003c16ad8]
Event: 11.669 Thread 0x0000000016120800 nmethod 7321 0x0000000003c19f90 code [0x0000000003c1a0e0, 0x0000000003c1a298]

GC Heap History (10 events):
Event: 5.220 GC heap before
{Heap before GC invocations=8 (full 2):
 PSYoungGen      total 136192K, used 8336K [0x00000000e0000000, 0x00000000ec980000, 0x0000000100000000)
  eden space 125952K, 0% used [0x00000000e0000000,0x00000000e0000000,0x00000000e7b00000)
  from space 10240K, 81% used [0x00000000e8800000,0x00000000e9024010,0x00000000e9200000)
  to   space 13312K, 0% used [0x00000000e7b00000,0x00000000e7b00000,0x00000000e8800000)
 ParOldGen       total 117760K, used 11637K [0x00000000a0000000, 0x00000000a7300000, 0x00000000e0000000)
  object space 117760K, 9% used [0x00000000a0000000,0x00000000a0b5d600,0x00000000a7300000)
 Metaspace       used 34563K, capacity 35370K, committed 35456K, reserved 1079296K
  class space    used 4740K, capacity 4954K, committed 4992K, reserved 1048576K
Event: 5.278 GC heap after
Heap after GC invocations=8 (full 2):
 PSYoungGen      total 136192K, used 0K [0x00000000e0000000, 0x00000000ec980000, 0x0000000100000000)
  eden space 125952K, 0% used [0x00000000e0000000,0x00000000e0000000,0x00000000e7b00000)
  from space 10240K, 0% used [0x00000000e8800000,0x00000000e8800000,0x00000000e9200000)
  to   space 13312K, 0% used [0x00000000e7b00000,0x00000000e7b00000,0x00000000e8800000)
 ParOldGen       total 182784K, used 15238K [0x00000000a0000000, 0x00000000ab280000, 0x00000000e0000000)
  object space 182784K, 8% used [0x00000000a0000000,0x00000000a0ee1a78,0x00000000ab280000)
 Metaspace       used 34552K, capacity 35334K, committed 35456K, reserved 1079296K
  class space    used 4737K, capacity 4948K, committed 4992K, reserved 1048576K
}
Event: 7.776 GC heap before
{Heap before GC invocations=9 (full 2):
 PSYoungGen      total 136192K, used 125952K [0x00000000e0000000, 0x00000000ec980000, 0x0000000100000000)
  eden space 125952K, 100% used [0x00000000e0000000,0x00000000e7b00000,0x00000000e7b00000)
  from space 10240K, 0% used [0x00000000e8800000,0x00000000e8800000,0x00000000e9200000)
  to   space 13312K, 0% used [0x00000000e7b00000,0x00000000e7b00000,0x00000000e8800000)
 ParOldGen       total 182784K, used 15238K [0x00000000a0000000, 0x00000000ab280000, 0x00000000e0000000)
  object space 182784K, 8% used [0x00000000a0000000,0x00000000a0ee1a78,0x00000000ab280000)
 Metaspace       used 46578K, capacity 47724K, committed 48000K, reserved 1091584K
  class space    used 6237K, capacity 6511K, committed 6528K, reserved 1048576K
Event: 7.797 GC heap after
Heap after GC invocations=9 (full 2):
 PSYoungGen      total 139264K, used 13288K [0x00000000e0000000, 0x00000000ecb80000, 0x0000000100000000)
  eden space 125952K, 0% used [0x00000000e0000000,0x00000000e0000000,0x00000000e7b00000)
  from space 13312K, 99% used [0x00000000e7b00000,0x00000000e87fa3a0,0x00000000e8800000)
  to   space 16384K, 0% used [0x00000000ebb80000,0x00000000ebb80000,0x00000000ecb80000)
 ParOldGen       total 182784K, used 18570K [0x00000000a0000000, 0x00000000ab280000, 0x00000000e0000000)
  object space 182784K, 10% used [0x00000000a0000000,0x00000000a1222a38,0x00000000ab280000)
 Metaspace       used 46578K, capacity 47724K, committed 48000K, reserved 1091584K
  class space    used 6237K, capacity 6511K, committed 6528K, reserved 1048576K
}
Event: 9.913 GC heap before
{Heap before GC invocations=10 (full 2):
 PSYoungGen      total 139264K, used 139240K [0x00000000e0000000, 0x00000000ecb80000, 0x0000000100000000)
  eden space 125952K, 100% used [0x00000000e0000000,0x00000000e7b00000,0x00000000e7b00000)
  from space 13312K, 99% used [0x00000000e7b00000,0x00000000e87fa3a0,0x00000000e8800000)
  to   space 16384K, 0% used [0x00000000ebb80000,0x00000000ebb80000,0x00000000ecb80000)
 ParOldGen       total 182784K, used 18570K [0x00000000a0000000, 0x00000000ab280000, 0x00000000e0000000)
  object space 182784K, 10% used [0x00000000a0000000,0x00000000a1222a38,0x00000000ab280000)
 Metaspace       used 56426K, capacity 57982K, committed 58240K, reserved 1099776K
  class space    used 7579K, capacity 7966K, committed 8064K, reserved 1048576K
Event: 9.932 GC heap after
Heap after GC invocations=10 (full 2):
 PSYoungGen      total 187904K, used 16356K [0x00000000e0000000, 0x00000000ed100000, 0x0000000100000000)
  eden space 171520K, 0% used [0x00000000e0000000,0x00000000e0000000,0x00000000ea780000)
  from space 16384K, 99% used [0x00000000ebb80000,0x00000000ecb79288,0x00000000ecb80000)
  to   space 20480K, 0% used [0x00000000ea780000,0x00000000ea780000,0x00000000ebb80000)
 ParOldGen       total 182784K, used 23806K [0x00000000a0000000, 0x00000000ab280000, 0x00000000e0000000)
  object space 182784K, 13% used [0x00000000a0000000,0x00000000a173f8c0,0x00000000ab280000)
 Metaspace       used 56426K, capacity 57982K, committed 58240K, reserved 1099776K
  class space    used 7579K, capacity 7966K, committed 8064K, reserved 1048576K
}
Event: 10.062 GC heap before
{Heap before GC invocations=11 (full 2):
 PSYoungGen      total 187904K, used 32540K [0x00000000e0000000, 0x00000000ed100000, 0x0000000100000000)
  eden space 171520K, 9% used [0x00000000e0000000,0x00000000e0fcdda0,0x00000000ea780000)
  from space 16384K, 99% used [0x00000000ebb80000,0x00000000ecb79288,0x00000000ecb80000)
  to   space 20480K, 0% used [0x00000000ea780000,0x00000000ea780000,0x00000000ebb80000)
 ParOldGen       total 182784K, used 23806K [0x00000000a0000000, 0x00000000ab280000, 0x00000000e0000000)
  object space 182784K, 13% used [0x00000000a0000000,0x00000000a173f8c0,0x00000000ab280000)
 Metaspace       used 57459K, capacity 59074K, committed 59096K, reserved 1099776K
  class space    used 7763K, capacity 8170K, committed 8192K, reserved 1048576K
Event: 10.074 GC heap after
Heap after GC invocations=11 (full 2):
 PSYoungGen      total 192000K, used 15000K [0x00000000e0000000, 0x00000000f0d80000, 0x0000000100000000)
  eden space 171520K, 0% used [0x00000000e0000000,0x00000000e0000000,0x00000000ea780000)
  from space 20480K, 73% used [0x00000000ea780000,0x00000000eb6262e0,0x00000000ebb80000)
  to   space 20992K, 0% used [0x00000000ef900000,0x00000000ef900000,0x00000000f0d80000)
 ParOldGen       total 182784K, used 23814K [0x00000000a0000000, 0x00000000ab280000, 0x00000000e0000000)
  object space 182784K, 13% used [0x00000000a0000000,0x00000000a17418c0,0x00000000ab280000)
 Metaspace       used 57459K, capacity 59074K, committed 59096K, reserved 1099776K
  class space    used 7763K, capacity 8170K, committed 8192K, reserved 1048576K
}
Event: 10.074 GC heap before
{Heap before GC invocations=12 (full 3):
 PSYoungGen      total 192000K, used 15000K [0x00000000e0000000, 0x00000000f0d80000, 0x0000000100000000)
  eden space 171520K, 0% used [0x00000000e0000000,0x00000000e0000000,0x00000000ea780000)
  from space 20480K, 73% used [0x00000000ea780000,0x00000000eb6262e0,0x00000000ebb80000)
  to   space 20992K, 0% used [0x00000000ef900000,0x00000000ef900000,0x00000000f0d80000)
 ParOldGen       total 182784K, used 23814K [0x00000000a0000000, 0x00000000ab280000, 0x00000000e0000000)
  object space 182784K, 13% used [0x00000000a0000000,0x00000000a17418c0,0x00000000ab280000)
 Metaspace       used 57459K, capacity 59074K, committed 59096K, reserved 1099776K
  class space    used 7763K, capacity 8170K, committed 8192K, reserved 1048576K
Event: 10.249 GC heap after
Heap after GC invocations=12 (full 3):
 PSYoungGen      total 192000K, used 0K [0x00000000e0000000, 0x00000000f0d80000, 0x0000000100000000)
  eden space 171520K, 0% used [0x00000000e0000000,0x00000000e0000000,0x00000000ea780000)
  from space 20480K, 0% used [0x00000000ea780000,0x00000000ea780000,0x00000000ebb80000)
  to   space 20992K, 0% used [0x00000000ef900000,0x00000000ef900000,0x00000000f0d80000)
 ParOldGen       total 182784K, used 29127K [0x00000000a0000000, 0x00000000ab280000, 0x00000000e0000000)
  object space 182784K, 15% used [0x00000000a0000000,0x00000000a1c71f10,0x00000000ab280000)
 Metaspace       used 57459K, capacity 59074K, committed 59096K, reserved 1099776K
  class space    used 7763K, capacity 8170K, committed 8192K, reserved 1048576K
}

Deoptimization events (10 events):
Event: 10.786 Thread 0x0000000019439000 Uncommon trap: reason=array_check action=maybe_recompile pc=0x0000000003954de8 method=java.util.AbstractCollection.toArray([Ljava/lang/Object;)[Ljava/lang/Object; @ 119
Event: 10.786 Thread 0x0000000019439000 Uncommon trap: reason=array_check action=maybe_recompile pc=0x0000000003954de8 method=java.util.AbstractCollection.toArray([Ljava/lang/Object;)[Ljava/lang/Object; @ 119
Event: 10.951 Thread 0x0000000019439000 Uncommon trap: reason=class_check action=maybe_recompile pc=0x00000000034bee9c method=java.util.Collections$SetFromMap.add(Ljava/lang/Object;)Z @ 8
Event: 10.957 Thread 0x0000000019692000 Uncommon trap: reason=class_check action=maybe_recompile pc=0x00000000034bee9c method=java.util.Collections$SetFromMap.add(Ljava/lang/Object;)Z @ 8
Event: 10.958 Thread 0x000000001cd01800 Uncommon trap: reason=class_check action=maybe_recompile pc=0x00000000034bee9c method=java.util.Collections$SetFromMap.add(Ljava/lang/Object;)Z @ 8
Event: 10.959 Thread 0x000000001cd04800 Uncommon trap: reason=class_check action=maybe_recompile pc=0x00000000034bee9c method=java.util.Collections$SetFromMap.add(Ljava/lang/Object;)Z @ 8
Event: 10.976 Thread 0x0000000019685000 Uncommon trap: reason=bimorphic action=maybe_recompile pc=0x00000000028d055c method=java.util.Arrays.binarySearch0([Ljava/lang/Object;IILjava/lang/Object;Ljava/util/Comparator;)I @ 48
Event: 10.976 Thread 0x0000000019685000 Uncommon trap: reason=bimorphic action=maybe_recompile pc=0x00000000028d055c method=java.util.Arrays.binarySearch0([Ljava/lang/Object;IILjava/lang/Object;Ljava/util/Comparator;)I @ 48
Event: 10.976 Thread 0x0000000019685000 Uncommon trap: reason=bimorphic action=maybe_recompile pc=0x00000000028d055c method=java.util.Arrays.binarySearch0([Ljava/lang/Object;IILjava/lang/Object;Ljava/util/Comparator;)I @ 48
Event: 10.976 Thread 0x0000000019685000 Uncommon trap: reason=bimorphic action=maybe_recompile pc=0x00000000028d055c method=java.util.Arrays.binarySearch0([Ljava/lang/Object;IILjava/lang/Object;Ljava/util/Comparator;)I @ 48

Classes redefined (0 events):
No events

Internal exceptions (10 events):
Event: 9.828 Thread 0x0000000019439000 Exception <a 'java/lang/NoSuchMethodError': java.lang.Object.lambda$static$4(Ljava/util/Set;Ljava/util/Set;)Z> (0x00000000e71b6f28) thrown at [D:\src\AOSP-openjdk-cygwin\jdk8u\hotspot\src\share\vm\interpreter\linkResolver.cpp, line 620]
Event: 9.881 Thread 0x0000000019439000 Exception <a 'java/lang/ClassNotFoundException': com/sun/org/glassfish/hk2/osgiresourcelocator/ServiceLoader> (0x00000000e77e0dd0) thrown at [D:\src\AOSP-openjdk-cygwin\jdk8u\hotspot\src\share\vm\classfile\systemDictionary.cpp, line 210]
Event: 9.947 Thread 0x0000000019439000 Exception <a 'java/lang/NullPointerException'> (0x00000000e02446a0) thrown at [D:\src\AOSP-openjdk-cygwin\jdk8u\hotspot\src\share\vm\interpreter\linkResolver.cpp, line 1287]
Event: 11.500 Thread 0x000000001951c800 Exception <a 'java/lang/NoSuchMethodError': <clinit>> (0x00000000e3589bc8) thrown at [D:\src\AOSP-openjdk-cygwin\jdk8u\hotspot\src\share\vm\prims\jni.cpp, line 1614]
Event: 11.500 Thread 0x000000001951c800 Exception <a 'java/lang/NoSuchMethodError': <clinit>> (0x00000000e6c90708) thrown at [D:\src\AOSP-openjdk-cygwin\jdk8u\hotspot\src\share\vm\prims\jni.cpp, line 1614]
Event: 11.501 Thread 0x000000001951c800 Exception <a 'java/lang/NoSuchMethodError': <clinit>> (0x00000000e6c9cc20) thrown at [D:\src\AOSP-openjdk-cygwin\jdk8u\hotspot\src\share\vm\prims\jni.cpp, line 1614]
Event: 11.525 Thread 0x000000001951c800 Exception <a 'java/lang/NoSuchMethodError': <clinit>> (0x00000000e6ca7630) thrown at [D:\src\AOSP-openjdk-cygwin\jdk8u\hotspot\src\share\vm\prims\jni.cpp, line 1614]
Event: 11.526 Thread 0x000000001951c800 Exception <a 'java/lang/NoSuchMethodError': <clinit>> (0x00000000e6e94a78) thrown at [D:\src\AOSP-openjdk-cygwin\jdk8u\hotspot\src\share\vm\prims\jni.cpp, line 1614]
Event: 11.526 Thread 0x000000001951c800 Exception <a 'java/lang/NoSuchMethodError': <clinit>> (0x00000000e6e96590) thrown at [D:\src\AOSP-openjdk-cygwin\jdk8u\hotspot\src\share\vm\prims\jni.cpp, line 1614]
Event: 11.548 Thread 0x000000001951c800 Exception <a 'java/lang/NoSuchMethodError': <clinit>> (0x00000000e6ea6450) thrown at [D:\src\AOSP-openjdk-cygwin\jdk8u\hotspot\src\share\vm\prims\jni.cpp, line 1614]

Events (10 events):
Event: 11.602 Executing VM operation: RevokeBias
Event: 11.602 Executing VM operation: RevokeBias done
Event: 11.602 loading class com/android/manifmerger/PlaceholderHandler
Event: 11.602 loading class com/android/manifmerger/PlaceholderHandler done
Event: 11.603 Executing VM operation: RevokeBias
Event: 11.603 Executing VM operation: RevokeBias done
Event: 11.603 Executing VM operation: RevokeBias
Event: 11.603 Executing VM operation: RevokeBias done
Event: 11.605 loading class org/gradle/internal/fingerprint/impl/IgnoredPathFingerprintingStrategy$1
Event: 11.605 loading class org/gradle/internal/fingerprint/impl/IgnoredPathFingerprintingStrategy$1 done


Dynamic libraries:
0x00007ff605030000 - 0x00007ff605061000 	C:\Program Files\Android\Android Studio\jre\bin\java.exe
0x00007ffd1f170000 - 0x00007ffd1f35d000 	C:\Windows\SYSTEM32\ntdll.dll
0x00007ffd1cd70000 - 0x00007ffd1ce23000 	C:\Windows\System32\KERNEL32.DLL
0x00007ffd1b230000 - 0x00007ffd1b4c3000 	C:\Windows\System32\KERNELBASE.dll
0x00007ffd1c9e0000 - 0x00007ffd1ca83000 	C:\Windows\System32\ADVAPI32.dll
0x00007ffd1c940000 - 0x00007ffd1c9de000 	C:\Windows\System32\msvcrt.dll
0x00007ffd1d870000 - 0x00007ffd1d90e000 	C:\Windows\System32\sechost.dll
0x00007ffd1daa0000 - 0x00007ffd1dbc2000 	C:\Windows\System32\RPCRT4.dll
0x00007ffd1d180000 - 0x00007ffd1d317000 	C:\Windows\System32\USER32.dll
0x00007ffd1c0c0000 - 0x00007ffd1c0e0000 	C:\Windows\System32\win32u.dll
0x00007ffd1ce30000 - 0x00007ffd1ce59000 	C:\Windows\System32\GDI32.dll
0x00007ffd1b4d0000 - 0x00007ffd1b669000 	C:\Windows\System32\gdi32full.dll
0x00007ffd1c2f0000 - 0x00007ffd1c390000 	C:\Windows\System32\msvcp_win.dll
0x00007ffd1b740000 - 0x00007ffd1b83a000 	C:\Windows\System32\ucrtbase.dll
0x00007ffd0f550000 - 0x00007ffd0f7c9000 	C:\Windows\WinSxS\amd64_microsoft.windows.common-controls_6595b64144ccf1df_6.0.17763.737_none_05b6437c071e554b\COMCTL32.dll
0x00007ffd1d3e0000 - 0x00007ffd1d70c000 	C:\Windows\System32\combase.dll
0x00007ffd1b8f0000 - 0x00007ffd1b96e000 	C:\Windows\System32\bcryptPrimitives.dll
0x00007ffd1d0e0000 - 0x00007ffd1d10e000 	C:\Windows\System32\IMM32.DLL
0x0000000061bb0000 - 0x0000000061c82000 	C:\Program Files\Android\Android Studio\jre\jre\bin\msvcr100.dll
0x0000000061c90000 - 0x00000000624d6000 	C:\Program Files\Android\Android Studio\jre\jre\bin\server\jvm.dll
0x00007ffd1d9b0000 - 0x00007ffd1d9b8000 	C:\Windows\System32\PSAPI.DLL
0x00007ffcfe030000 - 0x00007ffcfe039000 	C:\Windows\SYSTEM32\WSOCK32.dll
0x00007ffd17cd0000 - 0x00007ffd17cf4000 	C:\Windows\SYSTEM32\WINMM.dll
0x00007ffd15bb0000 - 0x00007ffd15bba000 	C:\Windows\SYSTEM32\VERSION.dll
0x00007ffd1d110000 - 0x00007ffd1d17d000 	C:\Windows\System32\WS2_32.dll
0x00007ffd17c80000 - 0x00007ffd17cad000 	C:\Windows\SYSTEM32\winmmbase.dll
0x00007ffd1b840000 - 0x00007ffd1b88a000 	C:\Windows\System32\cfgmgr32.dll
0x00007ffd177e0000 - 0x00007ffd177ef000 	C:\Program Files\Android\Android Studio\jre\jre\bin\verify.dll
0x00007ffd11940000 - 0x00007ffd11969000 	C:\Program Files\Android\Android Studio\jre\jre\bin\java.dll
0x00007ffd0ff70000 - 0x00007ffd0ff86000 	C:\Program Files\Android\Android Studio\jre\jre\bin\zip.dll
0x00007ffd1dbd0000 - 0x00007ffd1f0c2000 	C:\Windows\System32\SHELL32.dll
0x00007ffd1d030000 - 0x00007ffd1d0d8000 	C:\Windows\System32\shcore.dll
0x00007ffd1b970000 - 0x00007ffd1c0ba000 	C:\Windows\System32\windows.storage.dll
0x00007ffd1b180000 - 0x00007ffd1b1a4000 	C:\Windows\System32\profapi.dll
0x00007ffd1b1d0000 - 0x00007ffd1b22d000 	C:\Windows\System32\powrprof.dll
0x00007ffd1ce60000 - 0x00007ffd1ceb2000 	C:\Windows\System32\shlwapi.dll
0x00007ffd1b160000 - 0x00007ffd1b171000 	C:\Windows\System32\kernel.appcore.dll
0x00007ffd1b670000 - 0x00007ffd1b687000 	C:\Windows\System32\cryptsp.dll
0x00007ffd0fea0000 - 0x00007ffd0feba000 	C:\Program Files\Android\Android Studio\jre\jre\bin\net.dll
0x00007ffd1a9d0000 - 0x00007ffd1aa37000 	C:\Windows\system32\mswsock.dll
0x00007ffd0fe30000 - 0x00007ffd0fe41000 	C:\Program Files\Android\Android Studio\jre\jre\bin\nio.dll
0x00007ffd0fb30000 - 0x00007ffd0fb56000 	C:\Users\Daniel\.gradle\native\29\windows-amd64\native-platform.dll
0x00007ffd12350000 - 0x00007ffd1235d000 	C:\Program Files\Android\Android Studio\jre\jre\bin\management.dll
0x00007ffd1a550000 - 0x00007ffd1a583000 	C:\Windows\system32\rsaenh.dll
0x00007ffd1c0e0000 - 0x00007ffd1c106000 	C:\Windows\System32\bcrypt.dll
0x00007ffd1b060000 - 0x00007ffd1b088000 	C:\Windows\SYSTEM32\USERENV.dll
0x00007ffd1aba0000 - 0x00007ffd1abac000 	C:\Windows\SYSTEM32\CRYPTBASE.dll
0x00007ffd1a6f0000 - 0x00007ffd1a72d000 	C:\Windows\SYSTEM32\IPHLPAPI.DLL
0x00007ffd1f0d0000 - 0x00007ffd1f0d8000 	C:\Windows\System32\NSI.dll
0x00007ffd160c0000 - 0x00007ffd160d6000 	C:\Windows\SYSTEM32\dhcpcsvc6.DLL
0x00007ffd15da0000 - 0x00007ffd15dbc000 	C:\Windows\SYSTEM32\dhcpcsvc.DLL
0x00007ffd1a730000 - 0x00007ffd1a7f6000 	C:\Windows\SYSTEM32\DNSAPI.dll

VM Arguments:
jvm_args: -Xmx1536m -Dfile.encoding=windows-1252 -Duser.country=PE -Duser.language=es -Duser.variant 
java_command: org.gradle.launcher.daemon.bootstrap.GradleDaemon 5.4.1
java_class_path (initial): C:\Users\Daniel\.gradle\wrapper\dists\gradle-5.4.1-all\3221gyojl5jsh0helicew7rwx\gradle-5.4.1\lib\gradle-launcher-5.4.1.jar
Launcher Type: SUN_STANDARD

Environment Variables:
PATH=C:\Program Files (x86)\Common Files\Oracle\Java\javapath;C:\Windows\system32;C:\Windows;C:\Windows\System32\Wbem;C:\Windows\System32\WindowsPowerShell\v1.0\;C:\Windows\System32\OpenSSH\;C:\Program Files\Git\cmd;C:\Program Files\dotnet\;C:\Program Files\Microsoft SQL Server\130\Tools\Binn\;C:\Program Files\Microsoft SQL Server\Client SDK\ODBC\170\Tools\Binn\;C:\Program Files\Microsoft SQL Server\Client SDK\ODBC\130\Tools\Binn\;C:\Program Files (x86)\Microsoft SQL Server\140\Tools\Binn\;C:\Program Files\Microsoft SQL Server\140\Tools\Binn\;C:\Program Files (x86)\Microsoft SQL Server\140\DTS\Binn\;C:\Program Files\Microsoft SQL Server\140\DTS\Binn\;C:\Program Files (x86)\Microsoft SQL Server\150\DTS\Binn\;C:\Program Files\TortoiseGit\bin;D:\Descargas\apache-maven-3.6.2-bin\apache-maven-3.6.2\bin;C:\Users\Daniel\AppData\Local\Microsoft\WindowsApps;C:\Users\Daniel\AppData\Local\GitHubDesktop\bin;D:\Programas\Microsoft VS Code\bin;C:\Program Files\heroku\bin;C:\Users\Daniel\.dotnet\tools
USERNAME=Daniel
OS=Windows_NT
PROCESSOR_IDENTIFIER=Intel64 Family 6 Model 158 Stepping 9, GenuineIntel



---------------  S Y S T E M  ---------------

OS: Windows 10.0 , 64 bit Build 17763 (10.0.17763.475)

CPU:total 4 (initial active 4) (4 cores per cpu, 1 threads per core) family 6 model 158 stepping 9, cmov, cx8, fxsr, mmx, sse, sse2, sse3, ssse3, sse4.1, sse4.2, popcnt, avx, avx2, aes, clmul, erms, 3dnowpref, lzcnt, tsc, tscinvbit, bmi1, bmi2, adx

Memory: 4k page, physical 16710368k(3316512k free), swap 31290460k(3836k free)

vm_info: OpenJDK 64-Bit Server VM (25.202-b03) for windows-amd64 JRE (1.8.0_202-release-1483-b03), built by "builder" with MS VC++ 10.0 (VS2010)

time: Thu Sep 26 14:15:37 2019
timezone: Hora est. Pacífico, Sudamérica
elapsed time: 11 seconds (0d 0h 0m 11s)

